<?xml version="1.0" encoding="UTF-8"?>
<testng-results skipped="0" failed="1" total="1" passed="0">
  <reporter-output>
  </reporter-output>
  <suite name="Default suite" duration-ms="28223" started-at="2021-05-06T04:00:00Z" finished-at="2021-05-06T04:00:29Z">
    <groups>
    </groups>
    <test name="Default test" duration-ms="28223" started-at="2021-05-06T04:00:00Z" finished-at="2021-05-06T04:00:29Z">
      <class name="com.crm.purTest.TC_06_CreatePurOrdWithItemAddProd_Test">
        <test-method status="PASS" signature="ConfigDB()[pri:0, instance:com.crm.purTest.TC_06_CreatePurOrdWithItemAddProd_Test@5594a1b5]" name="ConfigDB" is-config="true" duration-ms="16" started-at="2021-05-06T09:30:00Z" finished-at="2021-05-06T09:30:00Z">
          <reporter-output>
          </reporter-output>
        </test-method> <!-- ConfigDB -->
        <test-method status="PASS" signature="configBT()[pri:0, instance:com.crm.purTest.TC_06_CreatePurOrdWithItemAddProd_Test@5594a1b5]" name="configBT" is-config="true" duration-ms="0" started-at="2021-05-06T09:30:00Z" finished-at="2021-05-06T09:30:00Z">
          <reporter-output>
          </reporter-output>
        </test-method> <!-- configBT -->
        <test-method status="PASS" signature="ConfigBC()[pri:0, instance:com.crm.purTest.TC_06_CreatePurOrdWithItemAddProd_Test@5594a1b5]" name="ConfigBC" is-config="true" duration-ms="4947" started-at="2021-05-06T09:30:00Z" finished-at="2021-05-06T09:30:05Z">
          <reporter-output>
          </reporter-output>
        </test-method> <!-- ConfigBC -->
        <test-method status="PASS" signature="login()[pri:0, instance:com.crm.purTest.TC_06_CreatePurOrdWithItemAddProd_Test@5594a1b5]" name="login" is-config="true" duration-ms="3876" started-at="2021-05-06T09:30:05Z" finished-at="2021-05-06T09:30:09Z">
          <reporter-output>
          </reporter-output>
        </test-method> <!-- login -->
        <test-method status="FAIL" signature="createPurOrderWithItemAddProd()[pri:0, instance:com.crm.purTest.TC_06_CreatePurOrdWithItemAddProd_Test@5594a1b5]" name="createPurOrderWithItemAddProd" duration-ms="17044" started-at="2021-05-06T09:30:09Z" finished-at="2021-05-06T09:30:26Z">
          <exception class="org.openqa.selenium.InvalidSelectorException">
            <message>
              <![CDATA[invalid selector: Unable to locate an element with the xpath expression //input[@value='Add Product because of the following error:
SyntaxError: Failed to execute 'evaluate' on 'Document': The string '//input[@value='Add Product' is not a valid XPath expression.
  (Session info: chrome=90.0.4430.93)
For documentation on this error, please visit: https://www.seleniumhq.org/exceptions/invalid_selector_exception.html
Build info: version: '3.141.59', revision: 'e82be7d358', time: '2018-11-14T08:17:03'
System info: host: 'DESKTOP-BMORMJD', ip: '192.168.10.1', os.name: 'Windows 10', os.arch: 'amd64', os.version: '10.0', java.version: '1.8.0_291'
Driver info: org.openqa.selenium.chrome.ChromeDriver
Capabilities {acceptInsecureCerts: false, browserName: chrome, browserVersion: 90.0.4430.93, chrome: {chromedriverVersion: 89.0.4389.23 (61b08ee2c5002..., userDataDir: C:\Users\neeth\AppData\Loca...}, goog:chromeOptions: {debuggerAddress: localhost:38635}, javascriptEnabled: true, networkConnectionEnabled: false, pageLoadStrategy: normal, platform: WINDOWS, platformName: WINDOWS, proxy: Proxy(), setWindowRect: true, strictFileInteractability: false, timeouts: {implicit: 0, pageLoad: 300000, script: 30000}, unhandledPromptBehavior: dismiss and notify, webauthn:extension:largeBlob: true, webauthn:virtualAuthenticators: true}
Session ID: 02693ff58eb0716fc958b4275dd45e66
*** Element info: {Using=xpath, value=//input[@value='Add Product}]]>
            </message>
            <full-stacktrace>
              <![CDATA[org.openqa.selenium.InvalidSelectorException: invalid selector: Unable to locate an element with the xpath expression //input[@value='Add Product because of the following error:
SyntaxError: Failed to execute 'evaluate' on 'Document': The string '//input[@value='Add Product' is not a valid XPath expression.
  (Session info: chrome=90.0.4430.93)
For documentation on this error, please visit: https://www.seleniumhq.org/exceptions/invalid_selector_exception.html
Build info: version: '3.141.59', revision: 'e82be7d358', time: '2018-11-14T08:17:03'
System info: host: 'DESKTOP-BMORMJD', ip: '192.168.10.1', os.name: 'Windows 10', os.arch: 'amd64', os.version: '10.0', java.version: '1.8.0_291'
Driver info: org.openqa.selenium.chrome.ChromeDriver
Capabilities {acceptInsecureCerts: false, browserName: chrome, browserVersion: 90.0.4430.93, chrome: {chromedriverVersion: 89.0.4389.23 (61b08ee2c5002..., userDataDir: C:\Users\neeth\AppData\Loca...}, goog:chromeOptions: {debuggerAddress: localhost:38635}, javascriptEnabled: true, networkConnectionEnabled: false, pageLoadStrategy: normal, platform: WINDOWS, platformName: WINDOWS, proxy: Proxy(), setWindowRect: true, strictFileInteractability: false, timeouts: {implicit: 0, pageLoad: 300000, script: 30000}, unhandledPromptBehavior: dismiss and notify, webauthn:extension:largeBlob: true, webauthn:virtualAuthenticators: true}
Session ID: 02693ff58eb0716fc958b4275dd45e66
*** Element info: {Using=xpath, value=//input[@value='Add Product}
	at sun.reflect.NativeConstructorAccessorImpl.newInstance0(Native Method)
	at sun.reflect.NativeConstructorAccessorImpl.newInstance(Unknown Source)
	at sun.reflect.DelegatingConstructorAccessorImpl.newInstance(Unknown Source)
	at java.lang.reflect.Constructor.newInstance(Unknown Source)
	at org.openqa.selenium.remote.http.W3CHttpResponseCodec.createException(W3CHttpResponseCodec.java:187)
	at org.openqa.selenium.remote.http.W3CHttpResponseCodec.decode(W3CHttpResponseCodec.java:122)
	at org.openqa.selenium.remote.http.W3CHttpResponseCodec.decode(W3CHttpResponseCodec.java:49)
	at org.openqa.selenium.remote.HttpCommandExecutor.execute(HttpCommandExecutor.java:158)
	at org.openqa.selenium.remote.service.DriverCommandExecutor.execute(DriverCommandExecutor.java:83)
	at org.openqa.selenium.remote.RemoteWebDriver.execute(RemoteWebDriver.java:552)
	at org.openqa.selenium.remote.RemoteWebDriver.findElement(RemoteWebDriver.java:323)
	at org.openqa.selenium.remote.RemoteWebDriver.findElementByXPath(RemoteWebDriver.java:428)
	at org.openqa.selenium.By$ByXPath.findElement(By.java:353)
	at org.openqa.selenium.remote.RemoteWebDriver.findElement(RemoteWebDriver.java:315)
	at org.openqa.selenium.support.pagefactory.DefaultElementLocator.findElement(DefaultElementLocator.java:69)
	at org.openqa.selenium.support.pagefactory.internal.LocatingElementHandler.invoke(LocatingElementHandler.java:38)
	at com.sun.proxy.$Proxy14.click(Unknown Source)
	at com.crm.purTest.TC_06_CreatePurOrdWithItemAddProd_Test.createPurOrderWithItemAddProd(TC_06_CreatePurOrdWithItemAddProd_Test.java:69)
	at sun.reflect.NativeMethodAccessorImpl.invoke0(Native Method)
	at sun.reflect.NativeMethodAccessorImpl.invoke(Unknown Source)
	at sun.reflect.DelegatingMethodAccessorImpl.invoke(Unknown Source)
	at java.lang.reflect.Method.invoke(Unknown Source)
	at org.testng.internal.MethodInvocationHelper.invokeMethod(MethodInvocationHelper.java:86)
	at org.testng.internal.Invoker.invokeMethod(Invoker.java:645)
	at org.testng.internal.Invoker.invokeTestMethod(Invoker.java:822)
	at org.testng.internal.Invoker.invokeTestMethods(Invoker.java:1130)
	at org.testng.internal.TestMethodWorker.invokeTestMethods(TestMethodWorker.java:129)
	at org.testng.internal.TestMethodWorker.run(TestMethodWorker.java:112)
	at org.testng.TestRunner.privateRun(TestRunner.java:782)
	at org.testng.TestRunner.run(TestRunner.java:632)
	at org.testng.SuiteRunner.runTest(SuiteRunner.java:366)
	at org.testng.SuiteRunner.runSequentially(SuiteRunner.java:361)
	at org.testng.SuiteRunner.privateRun(SuiteRunner.java:319)
	at org.testng.SuiteRunner.run(SuiteRunner.java:268)
	at org.testng.SuiteRunnerWorker.runSuite(SuiteRunnerWorker.java:52)
	at org.testng.SuiteRunnerWorker.run(SuiteRunnerWorker.java:86)
	at org.testng.TestNG.runSuitesSequentially(TestNG.java:1244)
	at org.testng.TestNG.runSuitesLocally(TestNG.java:1169)
	at org.testng.TestNG.run(TestNG.java:1064)
	at org.testng.remote.RemoteTestNG.run(RemoteTestNG.java:113)
	at org.testng.remote.RemoteTestNG.initAndRun(RemoteTestNG.java:206)
	at org.testng.remote.RemoteTestNG.main(RemoteTestNG.java:177)
]]>
            </full-stacktrace>
          </exception> <!-- org.openqa.selenium.InvalidSelectorException -->
          <reporter-output>
          </reporter-output>
        </test-method> <!-- createPurOrderWithItemAddProd -->
        <test-method status="PASS" signature="tearDown()[pri:0, instance:com.crm.purTest.TC_06_CreatePurOrdWithItemAddProd_Test@5594a1b5]" name="tearDown" is-config="true" duration-ms="1477" started-at="2021-05-06T09:30:26Z" finished-at="2021-05-06T09:30:28Z">
          <reporter-output>
          </reporter-output>
        </test-method> <!-- tearDown -->
        <test-method status="PASS" signature="ConfigAC()[pri:0, instance:com.crm.purTest.TC_06_CreatePurOrdWithItemAddProd_Test@5594a1b5]" name="ConfigAC" is-config="true" duration-ms="870" started-at="2021-05-06T09:30:28Z" finished-at="2021-05-06T09:30:29Z">
          <reporter-output>
          </reporter-output>
        </test-method> <!-- ConfigAC -->
        <test-method status="PASS" signature="configAT()[pri:0, instance:com.crm.purTest.TC_06_CreatePurOrdWithItemAddProd_Test@5594a1b5]" name="configAT" is-config="true" duration-ms="0" started-at="2021-05-06T09:30:29Z" finished-at="2021-05-06T09:30:29Z">
          <reporter-output>
          </reporter-output>
        </test-method> <!-- configAT -->
        <test-method status="PASS" signature="ConfigAS()[pri:0, instance:com.crm.purTest.TC_06_CreatePurOrdWithItemAddProd_Test@5594a1b5]" name="ConfigAS" is-config="true" duration-ms="0" started-at="2021-05-06T09:30:29Z" finished-at="2021-05-06T09:30:29Z">
          <reporter-output>
          </reporter-output>
        </test-method> <!-- ConfigAS -->
      </class> <!-- com.crm.purTest.TC_06_CreatePurOrdWithItemAddProd_Test -->
    </test> <!-- Default test -->
  </suite> <!-- Default suite -->
</testng-results>
